Morrowind Script Extender v2.1.0-3221 (built May 23 2023) hooked.
Found MGE XE. Version: 0.16.3.0
Morrowind Code Patch installed features: 1, 2, 3, 4, 5, 6, 7, 8, 9, 10, 11, 12, 13, 14, 15, 16, 17, 19, 20, 21, 22, 23, 24, 25, 26, 27, 29, 30, 32, 33, 34, 35, 36, 37, 38, 39, 40, 41, 43, 44, 45, 46, 47, 48, 49, 50, 51, 52, 53, 54, 55, 56, 57, 58, 64, 65, 66, 68, 71, 72, 73, 74, 75, 76, 77, 79, 80, 81, 83, 84, 85, 86, 87, 88, 89, 90, 91, 92, 93, 94, 95, 96, 97, 98, 99, 100, 101, 102, 103, 104, 105, 109, 112, 113, 115, 116, 118, 119, 120, 121, 122, 123, 124, 125, 126, 127, 128, 130, 131, 132, 133, 134, 135, 136, 138, 139, 140, 141, 143, 144, 145, 146, 147, 148, 149, 150, 151, 152, 153, 154, 155, 157, 158, 159, 160, 161, 162, 163, 164, 165, 166, 167, 168, 169, 170, 171, 173, 174, 175, 176, 177, 178, 179, 181, 182, 183, 184, 185, 186, 187, 188, 190, 191, 192, 193, 194, 195, 256, 259, 261, 262, 265, 267, 268, 269, 271, 272, 273, 274, 275, 277
MWSE Lua interface initialized.
All sets loaded
Morrowind Script Extender mod config registered
Expeditious Exit mod config registered
mobileActivated event fired
mobileActivated event fired
mobileActivated event fired
mobileActivated event fired
mobileActivated event fired
mobileActivated event fired
mobileActivated event fired
mobileActivated event fired
mobileActivated event fired
Checking equipment stack: imperial right gauntlet
Item: imperial right gauntlet is not linked to any set
Checking equipment stack: imperial left gauntlet
Item: imperial left gauntlet is not linked to any set
Checking equipment stack: imperial boots
Item: imperial boots is not linked to any set
Checking equipment stack: imperial_greaves
Item: imperial_greaves is not linked to any set
Checking equipment stack: imperial right pauldron
Item: imperial right pauldron is not linked to any set
Checking equipment stack: imperial left pauldron
Item: imperial left pauldron is not linked to any set
Checking equipment stack: imperial cuirass_armor
Item: imperial cuirass_armor is not linked to any set
Checking equipment stack: imperial_chain_coif_helm
Item: imperial_chain_coif_helm is not linked to any set
mobileActivated event fired
Checking equipment stack: imperial shield
Item: imperial shield is not linked to any set
Checking equipment stack: imperial right gauntlet
Item: imperial right gauntlet is not linked to any set
Checking equipment stack: imperial left gauntlet
Item: imperial left gauntlet is not linked to any set
Checking equipment stack: imperial boots
Item: imperial boots is not linked to any set
Checking equipment stack: imperial_greaves
Item: imperial_greaves is not linked to any set
Checking equipment stack: imperial right pauldron
Item: imperial right pauldron is not linked to any set
Checking equipment stack: imperial left pauldron
Item: imperial left pauldron is not linked to any set
Checking equipment stack: imperial cuirass_armor
Item: imperial cuirass_armor is not linked to any set
Checking equipment stack: imperial helmet armor
Item: imperial helmet armor is not linked to any set
mobileActivated event fired
Checking equipment stack: imperial right gauntlet
Item: imperial right gauntlet is not linked to any set
Checking equipment stack: imperial left gauntlet
Item: imperial left gauntlet is not linked to any set
Checking equipment stack: imperial boots
Item: imperial boots is not linked to any set
Checking equipment stack: imperial_greaves
Item: imperial_greaves is not linked to any set
Checking equipment stack: imperial right pauldron
Item: imperial right pauldron is not linked to any set
Checking equipment stack: imperial left pauldron
Item: imperial left pauldron is not linked to any set
Checking equipment stack: imperial cuirass_armor
Item: imperial cuirass_armor is not linked to any set
Checking equipment stack: imperial_chain_coif_helm
Item: imperial_chain_coif_helm is not linked to any set
mobileActivated event fired
Checking equipment stack: imperial right gauntlet
Item: imperial right gauntlet is not linked to any set
Checking equipment stack: imperial left gauntlet
Item: imperial left gauntlet is not linked to any set
Checking equipment stack: imperial boots
Item: imperial boots is not linked to any set
Checking equipment stack: imperial_greaves
Item: imperial_greaves is not linked to any set
Checking equipment stack: imperial_chain_pauldron_right
Item: imperial_chain_pauldron_right is not linked to any set
Checking equipment stack: imperial_chain_pauldron_left
Item: imperial_chain_pauldron_left is not linked to any set
Checking equipment stack: imperial_chain_cuirass
Item: imperial_chain_cuirass is not linked to any set
Checking equipment stack: imperial helmet armor
Item: imperial helmet armor is not linked to any set
mobileActivated event fired
mobileActivated event fired
mobileActivated event fired
mobileActivated event fired
Checking equipment stack: imperial right gauntlet
Item: imperial right gauntlet is not linked to any set
Checking equipment stack: imperial left gauntlet
Item: imperial left gauntlet is not linked to any set
Checking equipment stack: heavy_leather_boots
Item: heavy_leather_boots is not linked to any set
Checking equipment stack: imperial_chain_pauldron_left
Item: imperial_chain_pauldron_left is not linked to any set
Checking equipment stack: imperial_chain_cuirass
Item: imperial_chain_cuirass is not linked to any set
equipsChanged event fired, but no item data was found.
mobileActivated event fired
equipsChanged event fired for item: glass_helm
Item: glass_helm is not linked to any set
[Expeditious Exit] Forcing exit after confirmation!
